

Microchip MPLAB XC8 Assembler V2.31 build 20201012212115 
                                                                                               Fri Apr 16 18:25:18 2021

Microchip MPLAB XC8 C Compiler v2.31 (Free license) build 20201012212115 Og1 
     1                           	processor	16F887
     2                           	pagewidth 120
     3                           	opt	flic
     4                           	psect	cinit,global,class=CODE,merge=1,delta=2
     5                           	psect	bssCOMMON,global,class=COMMON,space=1,delta=1,noexec
     6                           	psect	bssBANK0,global,class=BANK0,space=1,delta=1,noexec
     7                           	psect	cstackCOMMON,global,class=COMMON,space=1,delta=1,noexec
     8                           	psect	cstackBANK0,global,class=BANK0,space=1,delta=1,noexec
     9                           	psect	maintext,global,class=CODE,split=1,delta=2
    10                           	psect	text1,local,class=CODE,merge=1,delta=2
    11                           	psect	intentry,global,class=CODE,delta=2
    12                           	psect	text2,local,class=CODE,merge=1,delta=2
    13                           	psect	text3,local,class=CODE,merge=1,delta=2
    14                           	psect	text4,local,class=CODE,merge=1,delta=2
    15                           	psect	text5,local,class=CODE,merge=1,delta=2
    16                           	psect	text6,local,class=CODE,merge=1,delta=2
    17                           	psect	text7,local,class=CODE,merge=1,delta=2
    18                           	psect	config,global,abs,ovrld,class=CONFIG,space=4,delta=2,noexec
    19                           	dabs	1,0x7E,2
    20  0000                     
    21                           ; Version 2.20
    22                           ; Generated 12/02/2020 GMT
    23                           ; 
    24                           ; Copyright © 2020, Microchip Technology Inc. and its subsidiaries ("Microchip")
    25                           ; All rights reserved.
    26                           ; 
    27                           ; This software is developed by Microchip Technology Inc. and its subsidiaries ("Microch
      +                          ip").
    28                           ; 
    29                           ; Redistribution and use in source and binary forms, with or without modification, are
    30                           ; permitted provided that the following conditions are met:
    31                           ; 
    32                           ;     1. Redistributions of source code must retain the above copyright notice, this lis
      +                          t of
    33                           ;        conditions and the following disclaimer.
    34                           ; 
    35                           ;     2. Redistributions in binary form must reproduce the above copyright notice, this 
      +                          list
    36                           ;        of conditions and the following disclaimer in the documentation and/or other
    37                           ;        materials provided with the distribution.
    38                           ; 
    39                           ;     3. Microchip's name may not be used to endorse or promote products derived from th
      +                          is
    40                           ;        software without specific prior written permission.
    41                           ; 
    42                           ; THIS SOFTWARE IS PROVIDED BY MICROCHIP "AS IS" AND ANY EXPRESS OR IMPLIED WARRANTIES,
    43                           ; INCLUDING, BUT NOT LIMITED TO, THE IMPLIED WARRANTIES OF MERCHANTABILITY AND FITNESS F
      +                          OR
    44                           ; PURPOSE ARE DISCLAIMED.  IN NO EVENT SHALL MICROCHIP BE LIABLE FOR ANY DIRECT, INDIREC
      +                          T,
    45                           ; INCIDENTAL, SPECIAL, EXEMPLARY, OR CONSEQUENTIAL DAMAGES (INCLUDING BUT NOT LIMITED TO
    46                           ; PROCUREMENT OF SUBSTITUTE GOODS OR SERVICES; LOSS OF USE, DATA OR PROFITS; OR BUSINESS
    47                           ; INTERRUPTION) HOWSOEVER CAUSED AND ON ANY THEORY OF LIABILITY, WHETHER IN CONTRACT, ST
      +                          RICT
    48                           ; LIABILITY, OR TORT (INCLUDING NEGLIGENCE OR OTHERWISE) ARISING IN ANY WAY OUT OF THE U
      +                          SE OF
    49                           ; THIS SOFTWARE, EVEN IF ADVISED OF THE POSSIBILITY OF SUCH DAMAGE.
    50                           ; 
    51                           ; 
    52                           ; Code-generator required, PIC16F887 Definitions
    53                           ; 
    54                           ; SFR Addresses
    55  0000                     	;# 
    56  0001                     	;# 
    57  0002                     	;# 
    58  0003                     	;# 
    59  0004                     	;# 
    60  0005                     	;# 
    61  0006                     	;# 
    62  0007                     	;# 
    63  0008                     	;# 
    64  0009                     	;# 
    65  000A                     	;# 
    66  000B                     	;# 
    67  000C                     	;# 
    68  000D                     	;# 
    69  000E                     	;# 
    70  000E                     	;# 
    71  000F                     	;# 
    72  0010                     	;# 
    73  0011                     	;# 
    74  0012                     	;# 
    75  0013                     	;# 
    76  0014                     	;# 
    77  0015                     	;# 
    78  0015                     	;# 
    79  0016                     	;# 
    80  0017                     	;# 
    81  0018                     	;# 
    82  0019                     	;# 
    83  001A                     	;# 
    84  001B                     	;# 
    85  001B                     	;# 
    86  001C                     	;# 
    87  001D                     	;# 
    88  001E                     	;# 
    89  001F                     	;# 
    90  0081                     	;# 
    91  0085                     	;# 
    92  0086                     	;# 
    93  0087                     	;# 
    94  0088                     	;# 
    95  0089                     	;# 
    96  008C                     	;# 
    97  008D                     	;# 
    98  008E                     	;# 
    99  008F                     	;# 
   100  0090                     	;# 
   101  0091                     	;# 
   102  0092                     	;# 
   103  0093                     	;# 
   104  0093                     	;# 
   105  0093                     	;# 
   106  0094                     	;# 
   107  0095                     	;# 
   108  0096                     	;# 
   109  0097                     	;# 
   110  0098                     	;# 
   111  0099                     	;# 
   112  009A                     	;# 
   113  009B                     	;# 
   114  009C                     	;# 
   115  009D                     	;# 
   116  009E                     	;# 
   117  009F                     	;# 
   118  0105                     	;# 
   119  0107                     	;# 
   120  0108                     	;# 
   121  0109                     	;# 
   122  010C                     	;# 
   123  010C                     	;# 
   124  010D                     	;# 
   125  010E                     	;# 
   126  010F                     	;# 
   127  0185                     	;# 
   128  0187                     	;# 
   129  0188                     	;# 
   130  0189                     	;# 
   131  018C                     	;# 
   132  018D                     	;# 
   133  0000                     	;# 
   134  0001                     	;# 
   135  0002                     	;# 
   136  0003                     	;# 
   137  0004                     	;# 
   138  0005                     	;# 
   139  0006                     	;# 
   140  0007                     	;# 
   141  0008                     	;# 
   142  0009                     	;# 
   143  000A                     	;# 
   144  000B                     	;# 
   145  000C                     	;# 
   146  000D                     	;# 
   147  000E                     	;# 
   148  000E                     	;# 
   149  000F                     	;# 
   150  0010                     	;# 
   151  0011                     	;# 
   152  0012                     	;# 
   153  0013                     	;# 
   154  0014                     	;# 
   155  0015                     	;# 
   156  0015                     	;# 
   157  0016                     	;# 
   158  0017                     	;# 
   159  0018                     	;# 
   160  0019                     	;# 
   161  001A                     	;# 
   162  001B                     	;# 
   163  001B                     	;# 
   164  001C                     	;# 
   165  001D                     	;# 
   166  001E                     	;# 
   167  001F                     	;# 
   168  0081                     	;# 
   169  0085                     	;# 
   170  0086                     	;# 
   171  0087                     	;# 
   172  0088                     	;# 
   173  0089                     	;# 
   174  008C                     	;# 
   175  008D                     	;# 
   176  008E                     	;# 
   177  008F                     	;# 
   178  0090                     	;# 
   179  0091                     	;# 
   180  0092                     	;# 
   181  0093                     	;# 
   182  0093                     	;# 
   183  0093                     	;# 
   184  0094                     	;# 
   185  0095                     	;# 
   186  0096                     	;# 
   187  0097                     	;# 
   188  0098                     	;# 
   189  0099                     	;# 
   190  009A                     	;# 
   191  009B                     	;# 
   192  009C                     	;# 
   193  009D                     	;# 
   194  009E                     	;# 
   195  009F                     	;# 
   196  0105                     	;# 
   197  0107                     	;# 
   198  0108                     	;# 
   199  0109                     	;# 
   200  010C                     	;# 
   201  010C                     	;# 
   202  010D                     	;# 
   203  010E                     	;# 
   204  010F                     	;# 
   205  0185                     	;# 
   206  0187                     	;# 
   207  0188                     	;# 
   208  0189                     	;# 
   209  018C                     	;# 
   210  018D                     	;# 
   211  0008                     _PORTD	set	8
   212  0001                     _TMR0	set	1
   213  0006                     _PORTBbits	set	6
   214  0007                     _PORTC	set	7
   215  000B                     _INTCONbits	set	11
   216  0005                     _PORTA	set	5
   217  005A                     _T0IF	set	90
   218  0031                     _RB1	set	49
   219  0030                     _RB0	set	48
   220  0058                     _RBIF	set	88
   221  0096                     _IOCB	set	150
   222  0081                     _OPTION_REG	set	129
   223  008F                     _OSCCON	set	143
   224  0088                     _TRISD	set	136
   225  0087                     _TRISC	set	135
   226  0086                     _TRISB	set	134
   227  0085                     _TRISA	set	133
   228  0189                     _ANSELH	set	393
   229  0188                     _ANSEL	set	392
   230                           
   231                           	psect	cinit
   232  0011                     start_initialization:	
   233                           ; #config settings
   234                           
   235  0011                     __initialization:
   236                           
   237                           ; Clear objects allocated to COMMON
   238  0011  01FA               	clrf	__pbssCOMMON& (0+127)
   239  0012  01FB               	clrf	(__pbssCOMMON+1)& (0+127)
   240  0013  01FC               	clrf	(__pbssCOMMON+2)& (0+127)
   241  0014  01FD               	clrf	(__pbssCOMMON+3)& (0+127)
   242                           
   243                           ; Clear objects allocated to BANK0
   244  0015  1283               	bcf	3,5	;RP0=0, select bank0
   245  0016  1303               	bcf	3,6	;RP1=0, select bank0
   246  0017  01A0               	clrf	__pbssBANK0& (0+127)
   247  0018  01A1               	clrf	(__pbssBANK0+1)& (0+127)
   248  0019  01A2               	clrf	(__pbssBANK0+2)& (0+127)
   249  001A  01A3               	clrf	(__pbssBANK0+3)& (0+127)
   250  001B  01A4               	clrf	(__pbssBANK0+4)& (0+127)
   251  001C  01A5               	clrf	(__pbssBANK0+5)& (0+127)
   252  001D  01A6               	clrf	(__pbssBANK0+6)& (0+127)
   253  001E  01A7               	clrf	(__pbssBANK0+7)& (0+127)
   254  001F  01A8               	clrf	(__pbssBANK0+8)& (0+127)
   255  0020  01A9               	clrf	(__pbssBANK0+9)& (0+127)
   256  0021  01AA               	clrf	(__pbssBANK0+10)& (0+127)
   257  0022  01AB               	clrf	(__pbssBANK0+11)& (0+127)
   258  0023                     end_of_initialization:	
   259                           ;End of C runtime variable initialization code
   260                           
   261  0023                     __end_of__initialization:
   262  0023  0183               	clrf	3
   263  0024  120A  118A  29CA   	ljmp	_main	;jump to C main() function
   264                           
   265                           	psect	bssCOMMON
   266  007A                     __pbssCOMMON:
   267  007A                     _valdisp:
   268  007A                     	ds	2
   269  007C                     _cont:
   270  007C                     	ds	2
   271                           
   272                           	psect	bssBANK0
   273  0020                     __pbssBANK0:
   274  0020                     _uni:
   275  0020                     	ds	2
   276  0022                     _cen:
   277  0022                     	ds	2
   278  0024                     _dec:
   279  0024                     	ds	2
   280  0026                     _disp:
   281  0026                     	ds	2
   282  0028                     _val2:
   283  0028                     	ds	2
   284  002A                     _val1:
   285  002A                     	ds	2
   286                           
   287                           	psect	cstackCOMMON
   288  0070                     __pcstackCOMMON:
   289  0070                     ?_isr:
   290  0070                     ?_main:	
   291                           ; 1 bytes @ 0x0
   292                           
   293  0070                     ?_display:	
   294                           ; 1 bytes @ 0x0
   295                           
   296  0070                     ?_centena:	
   297                           ; 2 bytes @ 0x0
   298                           
   299  0070                     ?_decena:	
   300                           ; 2 bytes @ 0x0
   301                           
   302  0070                     display@val1:	
   303                           ; 2 bytes @ 0x0
   304                           
   305                           
   306                           ; 2 bytes @ 0x0
   307  0070                     	ds	2
   308  0072                     ??_display:
   309  0072                     ??_centena:	
   310                           ; 1 bytes @ 0x2
   311                           
   312  0072                     ??_decena:	
   313                           ; 1 bytes @ 0x2
   314                           
   315  0072                     ?_disp2:	
   316                           ; 1 bytes @ 0x2
   317                           
   318                           
   319                           ; 2 bytes @ 0x2
   320  0072                     	ds	2
   321  0074                     ??_disp2:
   322  0074                     ?_disp0:	
   323                           ; 1 bytes @ 0x4
   324                           
   325  0074                     ?_disp1:	
   326                           ; 2 bytes @ 0x4
   327                           
   328                           
   329                           ; 2 bytes @ 0x4
   330  0074                     	ds	2
   331  0076                     ??_disp0:
   332  0076                     ??_disp1:	
   333                           ; 1 bytes @ 0x6
   334                           
   335  0076                     ??_isr:	
   336                           ; 1 bytes @ 0x6
   337                           
   338                           
   339                           ; 1 bytes @ 0x6
   340  0076                     	ds	4
   341                           
   342                           	psect	cstackBANK0
   343  0000                     __pcstackBANK0:
   344  0000                     ??_main:
   345                           
   346                           	psect	maintext
   347  01CA                     __pmaintext:	
   348                           ; 1 bytes @ 0x0
   349 ;;
   350 ;;Main: autosize = 0, tempsize = 0, incstack = 0, save=0
   351 ;;
   352 ;; *************** function _main *****************
   353 ;; Defined at:
   354 ;;		line 107 in file "Lab7.c"
   355 ;; Parameters:    Size  Location     Type
   356 ;;		None
   357 ;; Auto vars:     Size  Location     Type
   358 ;;		None
   359 ;; Return value:  Size  Location     Type
   360 ;;                  1    wreg      void 
   361 ;; Registers used:
   362 ;;		wreg, status,2
   363 ;; Tracked objects:
   364 ;;		On entry : B00/0
   365 ;;		On exit  : 0/0
   366 ;;		Unchanged: 0/0
   367 ;; Data sizes:     COMMON   BANK0   BANK1   BANK3   BANK2
   368 ;;      Params:         0       0       0       0       0
   369 ;;      Locals:         0       0       0       0       0
   370 ;;      Temps:          0       0       0       0       0
   371 ;;      Totals:         0       0       0       0       0
   372 ;;Total ram usage:        0 bytes
   373 ;; Hardware stack levels required when called:    3
   374 ;; This function calls:
   375 ;;		Nothing
   376 ;; This function is called by:
   377 ;;		Startup code after reset
   378 ;; This function uses a non-reentrant model
   379 ;;
   380                           
   381                           
   382                           ;psect for function _main
   383  01CA                     _main:
   384  01CA                     l1275:	
   385                           ;incstack = 0
   386                           ; Regs used in _main: [wreg+status,2]
   387                           
   388                           
   389                           ;Lab7.c: 108:     ANSEL = 0x00;
   390  01CA  1683               	bsf	3,5	;RP0=1, select bank3
   391  01CB  1703               	bsf	3,6	;RP1=1, select bank3
   392  01CC  0188               	clrf	8	;volatile
   393                           
   394                           ;Lab7.c: 109:     ANSELH = 0x00;
   395  01CD  0189               	clrf	9	;volatile
   396                           
   397                           ;Lab7.c: 111:     TRISA = 0x00;
   398  01CE  1683               	bsf	3,5	;RP0=1, select bank1
   399  01CF  1303               	bcf	3,6	;RP1=0, select bank1
   400  01D0  0185               	clrf	5	;volatile
   401  01D1                     l1277:
   402                           
   403                           ;Lab7.c: 112:     TRISB = 0x03;
   404  01D1  3003               	movlw	3
   405  01D2  0086               	movwf	6	;volatile
   406  01D3                     l1279:
   407                           
   408                           ;Lab7.c: 113:     TRISC = 0x00;
   409  01D3  0187               	clrf	7	;volatile
   410  01D4                     l1281:
   411                           
   412                           ;Lab7.c: 114:     TRISD = 0x00;
   413  01D4  0188               	clrf	8	;volatile
   414  01D5                     l1283:
   415                           
   416                           ;Lab7.c: 116:     OSCCON = 0B0110111;
   417  01D5  3037               	movlw	55
   418  01D6  008F               	movwf	15	;volatile
   419  01D7                     l1285:
   420                           
   421                           ;Lab7.c: 117:     OPTION_REG = 0B01000011;
   422  01D7  3043               	movlw	67
   423  01D8  0081               	movwf	1	;volatile
   424  01D9                     l1287:
   425                           
   426                           ;Lab7.c: 118:     TMR0 = 217;
   427  01D9  30D9               	movlw	217
   428  01DA  1283               	bcf	3,5	;RP0=0, select bank0
   429  01DB  1303               	bcf	3,6	;RP1=0, select bank0
   430  01DC  0081               	movwf	1	;volatile
   431  01DD                     l1289:
   432                           
   433                           ;Lab7.c: 119:     IOCB = 0x03;
   434  01DD  3003               	movlw	3
   435  01DE  1683               	bsf	3,5	;RP0=1, select bank1
   436  01DF  1303               	bcf	3,6	;RP1=0, select bank1
   437  01E0  0096               	movwf	22	;volatile
   438  01E1                     l1291:
   439                           
   440                           ;Lab7.c: 121:     PORTA = 0x00;
   441  01E1  1283               	bcf	3,5	;RP0=0, select bank0
   442  01E2  1303               	bcf	3,6	;RP1=0, select bank0
   443  01E3  0185               	clrf	5	;volatile
   444  01E4                     l1293:
   445                           
   446                           ;Lab7.c: 122:     PORTC = 0x00;
   447  01E4  0187               	clrf	7	;volatile
   448  01E5                     l1295:
   449                           
   450                           ;Lab7.c: 123:     PORTD = 0X00;
   451  01E5  0188               	clrf	8	;volatile
   452  01E6                     l1297:
   453                           
   454                           ;Lab7.c: 125:     INTCONbits.GIE = 1;
   455  01E6  178B               	bsf	11,7	;volatile
   456  01E7                     l1299:
   457                           
   458                           ;Lab7.c: 126:     INTCONbits.T0IE = 1;
   459  01E7  168B               	bsf	11,5	;volatile
   460  01E8                     l1301:
   461                           
   462                           ;Lab7.c: 127:     INTCONbits.RBIE = 1;
   463  01E8  158B               	bsf	11,3	;volatile
   464  01E9                     l96:	
   465                           ;Lab7.c: 129:     while (1){
   466                           
   467  01E9                     l97:	
   468                           ;Lab7.c: 130:     }
   469                           
   470  01E9  29E9               	goto	l96
   471  01EA  120A  118A  280E   	ljmp	start
   472  01ED                     __end_of_main:
   473                           
   474                           	psect	text1
   475  0027                     __ptext1:	
   476 ;; *************** function _isr *****************
   477 ;; Defined at:
   478 ;;		line 36 in file "Lab7.c"
   479 ;; Parameters:    Size  Location     Type
   480 ;;		None
   481 ;; Auto vars:     Size  Location     Type
   482 ;;		None
   483 ;; Return value:  Size  Location     Type
   484 ;;                  1    wreg      void 
   485 ;; Registers used:
   486 ;;		wreg, fsr0l, fsr0h, status,2, status,0, pclath, cstack
   487 ;; Tracked objects:
   488 ;;		On entry : 0/0
   489 ;;		On exit  : 0/0
   490 ;;		Unchanged: 0/0
   491 ;; Data sizes:     COMMON   BANK0   BANK1   BANK3   BANK2
   492 ;;      Params:         0       0       0       0       0
   493 ;;      Locals:         0       0       0       0       0
   494 ;;      Temps:          4       0       0       0       0
   495 ;;      Totals:         4       0       0       0       0
   496 ;;Total ram usage:        4 bytes
   497 ;; Hardware stack levels used:    1
   498 ;; Hardware stack levels required when called:    2
   499 ;; This function calls:
   500 ;;		_disp0
   501 ;;		_disp1
   502 ;;		_disp2
   503 ;; This function is called by:
   504 ;;		Interrupt level 1
   505 ;; This function uses a non-reentrant model
   506 ;;
   507                           
   508                           
   509                           ;psect for function _isr
   510  0027                     _isr:
   511  0027                     i1l1233:
   512                           
   513                           ;Lab7.c: 37:     if (RBIF){
   514  0027  1C0B               	btfss	11,0	;volatile
   515  0028  282A               	goto	u15_21
   516  0029  282B               	goto	u15_20
   517  002A                     u15_21:
   518  002A  283E               	goto	i1l1245
   519  002B                     u15_20:
   520  002B                     i1l1235:
   521                           
   522                           ;Lab7.c: 38:         if (RB0==0){
   523  002B  1283               	bcf	3,5	;RP0=0, select bank0
   524  002C  1303               	bcf	3,6	;RP1=0, select bank0
   525  002D  1806               	btfsc	6,0	;volatile
   526  002E  2830               	goto	u16_21
   527  002F  2831               	goto	u16_20
   528  0030                     u16_21:
   529  0030  2837               	goto	i1l66
   530  0031                     u16_20:
   531  0031                     i1l1237:
   532                           
   533                           ;Lab7.c: 39:             PORTA++;
   534  0031  3001               	movlw	1
   535  0032  00F6               	movwf	??_isr
   536  0033  0876               	movf	??_isr,w
   537  0034  0785               	addwf	5,f	;volatile
   538  0035                     i1l1239:
   539                           
   540                           ;Lab7.c: 40:             INTCONbits.RBIF = 0;
   541  0035  100B               	bcf	11,0	;volatile
   542                           
   543                           ;Lab7.c: 41:     }
   544  0036  283E               	goto	i1l1245
   545  0037                     i1l66:	
   546                           ;Lab7.c: 42:         else if (RB1==0) {
   547                           
   548  0037  1886               	btfsc	6,1	;volatile
   549  0038  283A               	goto	u17_21
   550  0039  283B               	goto	u17_20
   551  003A                     u17_21:
   552  003A  283E               	goto	i1l1245
   553  003B                     u17_20:
   554  003B                     i1l1241:
   555                           
   556                           ;Lab7.c: 43:             PORTA--;
   557  003B  3001               	movlw	1
   558  003C  0285               	subwf	5,f	;volatile
   559  003D                     i1l1243:
   560                           
   561                           ;Lab7.c: 44:             INTCONbits.RBIF = 0;
   562  003D  100B               	bcf	11,0	;volatile
   563  003E                     i1l1245:
   564                           
   565                           ;Lab7.c: 47:     if (T0IF) {
   566  003E  1D0B               	btfss	11,2	;volatile
   567  003F  2841               	goto	u18_21
   568  0040  2842               	goto	u18_20
   569  0041                     u18_21:
   570  0041  289A               	goto	i1l75
   571  0042                     u18_20:
   572  0042                     i1l1247:
   573                           
   574                           ;Lab7.c: 48:         PORTC = 0x00;
   575  0042  1283               	bcf	3,5	;RP0=0, select bank0
   576  0043  1303               	bcf	3,6	;RP1=0, select bank0
   577  0044  0187               	clrf	7	;volatile
   578                           
   579                           ;Lab7.c: 49:         switch (disp){
   580  0045  287A               	goto	i1l1263
   581  0046                     i1l1249:
   582                           
   583                           ;Lab7.c: 51:                 PORTC = disp0(valdisp);
   584  0046  087B               	movf	_valdisp+1,w
   585  0047  00F5               	movwf	?_disp0+1
   586  0048  087A               	movf	_valdisp,w
   587  0049  00F4               	movwf	?_disp0
   588  004A  120A  118A  21A4  120A  118A  	fcall	_disp0
   589  004F  0874               	movf	?_disp0,w
   590  0050  1283               	bcf	3,5	;RP0=0, select bank0
   591  0051  1303               	bcf	3,6	;RP1=0, select bank0
   592  0052  0087               	movwf	7	;volatile
   593  0053                     i1l1251:
   594                           
   595                           ;Lab7.c: 52:                 disp = 1;
   596  0053  3001               	movlw	1
   597  0054  00A6               	movwf	_disp
   598  0055  3000               	movlw	0
   599  0056  00A7               	movwf	_disp+1
   600                           
   601                           ;Lab7.c: 53:                 break;
   602  0057  288A               	goto	i1l1265
   603  0058                     i1l1253:
   604                           
   605                           ;Lab7.c: 55:                 PORTC = disp1(valdisp);
   606  0058  087B               	movf	_valdisp+1,w
   607  0059  00F5               	movwf	?_disp1+1
   608  005A  087A               	movf	_valdisp,w
   609  005B  00F4               	movwf	?_disp1
   610  005C  120A  118A  217E  120A  118A  	fcall	_disp1
   611  0061  0874               	movf	?_disp1,w
   612  0062  1283               	bcf	3,5	;RP0=0, select bank0
   613  0063  1303               	bcf	3,6	;RP1=0, select bank0
   614  0064  0087               	movwf	7	;volatile
   615  0065                     i1l1255:
   616                           
   617                           ;Lab7.c: 56:                 disp = 2;
   618  0065  3002               	movlw	2
   619  0066  00A6               	movwf	_disp
   620  0067  3000               	movlw	0
   621  0068  00A7               	movwf	_disp+1
   622                           
   623                           ;Lab7.c: 57:                 break;
   624  0069  288A               	goto	i1l1265
   625  006A                     i1l1257:
   626                           
   627                           ;Lab7.c: 59:                 PORTC = disp2(valdisp);
   628  006A  087B               	movf	_valdisp+1,w
   629  006B  00F3               	movwf	?_disp2+1
   630  006C  087A               	movf	_valdisp,w
   631  006D  00F2               	movwf	?_disp2
   632  006E  120A  118A  2158  120A  118A  	fcall	_disp2
   633  0073  0872               	movf	?_disp2,w
   634  0074  1283               	bcf	3,5	;RP0=0, select bank0
   635  0075  1303               	bcf	3,6	;RP1=0, select bank0
   636  0076  0087               	movwf	7	;volatile
   637  0077                     i1l1259:
   638                           
   639                           ;Lab7.c: 60:                 disp =0;
   640  0077  01A6               	clrf	_disp
   641  0078  01A7               	clrf	_disp+1
   642                           
   643                           ;Lab7.c: 61:                 break;
   644  0079  288A               	goto	i1l1265
   645  007A                     i1l1263:
   646                           
   647                           ; Switch on 2 bytes has been partitioned into a top level switch of size 1, and 1 sub-sw
      +                          itches
   648                           ; Switch size 1, requested type "simple"
   649                           ; Number of cases is 1, Range of values is 0 to 0
   650                           ; switch strategies available:
   651                           ; Name         Instructions Cycles
   652                           ; simple_byte            4     3 (average)
   653                           ; direct_byte           11     8 (fixed)
   654                           ; jumptable            260     6 (fixed)
   655                           ;	Chosen strategy is simple_byte
   656  007A  0827               	movf	_disp+1,w
   657  007B  3A00               	xorlw	0	; case 0
   658  007C  1903               	skipnz
   659  007D  287F               	goto	i1l1343
   660  007E  288A               	goto	i1l1265
   661  007F                     i1l1343:
   662                           
   663                           ; Switch size 1, requested type "simple"
   664                           ; Number of cases is 3, Range of values is 0 to 2
   665                           ; switch strategies available:
   666                           ; Name         Instructions Cycles
   667                           ; simple_byte           10     6 (average)
   668                           ; direct_byte           17     8 (fixed)
   669                           ; jumptable            260     6 (fixed)
   670                           ;	Chosen strategy is simple_byte
   671  007F  0826               	movf	_disp,w
   672  0080  3A00               	xorlw	0	; case 0
   673  0081  1903               	skipnz
   674  0082  2846               	goto	i1l1249
   675  0083  3A01               	xorlw	1	; case 1
   676  0084  1903               	skipnz
   677  0085  2858               	goto	i1l1253
   678  0086  3A03               	xorlw	3	; case 2
   679  0087  1903               	skipnz
   680  0088  286A               	goto	i1l1257
   681  0089  288A               	goto	i1l1265
   682  008A                     i1l1265:
   683                           
   684                           ;Lab7.c: 63:         PORTBbits.RB2=~PORTBbits.RB2;
   685  008A  1003               	clrc
   686  008B  1D06               	btfss	6,2	;volatile
   687  008C  1403               	setc
   688  008D  1803               	btfsc	3,0
   689  008E  2890               	goto	u19_21
   690  008F  2894               	goto	u19_20
   691  0090                     u19_21:
   692  0090  1283               	bcf	3,5	;RP0=0, select bank0
   693  0091  1303               	bcf	3,6	;RP1=0, select bank0
   694  0092  1506               	bsf	6,2	;volatile
   695  0093  2897               	goto	u20_24
   696  0094                     u19_20:
   697  0094  1283               	bcf	3,5	;RP0=0, select bank0
   698  0095  1303               	bcf	3,6	;RP1=0, select bank0
   699  0096  1106               	bcf	6,2	;volatile
   700  0097                     u20_24:
   701  0097                     i1l1267:
   702                           
   703                           ;Lab7.c: 64:         INTCONbits.T0IF = 0;
   704  0097  110B               	bcf	11,2	;volatile
   705  0098                     i1l1269:
   706                           
   707                           ;Lab7.c: 65:         TMR0 = 217;
   708  0098  30D9               	movlw	217
   709  0099  0081               	movwf	1	;volatile
   710  009A                     i1l75:
   711  009A  0879               	movf	??_isr+3,w
   712  009B  008A               	movwf	10
   713  009C  0878               	movf	??_isr+2,w
   714  009D  0084               	movwf	4
   715  009E  0E77               	swapf	??_isr+1,w
   716  009F  0083               	movwf	3
   717  00A0  0EFE               	swapf	btemp,f
   718  00A1  0E7E               	swapf	btemp,w
   719  00A2  0009               	retfie
   720  00A3                     __end_of_isr:
   721                           
   722                           	psect	intentry
   723  0004                     __pintentry:	
   724                           ;incstack = 0
   725                           ; Regs used in _isr: [wreg-fsr0h+status,2+status,0+pclath+cstack]
   726                           
   727  0004                     interrupt_function:
   728  007E                     saved_w	set	btemp
   729  0004  00FE               	movwf	btemp
   730  0005  0E03               	swapf	3,w
   731  0006  00F7               	movwf	??_isr+1
   732  0007  0804               	movf	4,w
   733  0008  00F8               	movwf	??_isr+2
   734  0009  080A               	movf	10,w
   735  000A  00F9               	movwf	??_isr+3
   736  000B  120A  118A  2827   	ljmp	_isr
   737                           
   738                           	psect	text2
   739  0158                     __ptext2:	
   740 ;; *************** function _disp2 *****************
   741 ;; Defined at:
   742 ;;		line 201 in file "Lab7.c"
   743 ;; Parameters:    Size  Location     Type
   744 ;;		None
   745 ;; Auto vars:     Size  Location     Type
   746 ;;		None
   747 ;; Return value:  Size  Location     Type
   748 ;;                  2    2[COMMON] int 
   749 ;; Registers used:
   750 ;;		wreg, fsr0l, fsr0h, status,2, status,0, pclath, cstack
   751 ;; Tracked objects:
   752 ;;		On entry : 0/0
   753 ;;		On exit  : 0/0
   754 ;;		Unchanged: 0/0
   755 ;; Data sizes:     COMMON   BANK0   BANK1   BANK3   BANK2
   756 ;;      Params:         2       0       0       0       0
   757 ;;      Locals:         0       0       0       0       0
   758 ;;      Temps:          0       0       0       0       0
   759 ;;      Totals:         2       0       0       0       0
   760 ;;Total ram usage:        2 bytes
   761 ;; Hardware stack levels used:    1
   762 ;; Hardware stack levels required when called:    1
   763 ;; This function calls:
   764 ;;		_centena
   765 ;;		_display
   766 ;; This function is called by:
   767 ;;		_isr
   768 ;; This function uses a non-reentrant model
   769 ;;
   770                           
   771                           
   772                           ;psect for function _disp2
   773  0158                     _disp2:
   774  0158                     i1l1221:	
   775                           ;incstack = 0
   776                           ; Regs used in _disp2: [wreg-fsr0h+status,2+status,0+pclath+cstack]
   777                           
   778                           
   779                           ;Lab7.c: 202:     PORTC = 0x00;
   780  0158  1283               	bcf	3,5	;RP0=0, select bank0
   781  0159  1303               	bcf	3,6	;RP1=0, select bank0
   782  015A  0187               	clrf	7	;volatile
   783  015B                     i1l1223:
   784                           
   785                           ;Lab7.c: 203:     PORTD = 0B00000100;
   786  015B  3004               	movlw	4
   787  015C  0088               	movwf	8	;volatile
   788  015D                     i1l1225:
   789                           
   790                           ;Lab7.c: 204:     val1 = centena(cen);
   791  015D  0823               	movf	_cen+1,w
   792  015E  00F1               	movwf	?_centena+1
   793  015F  0822               	movf	_cen,w
   794  0160  00F0               	movwf	?_centena
   795  0161  120A  118A  21ED  120A  118A  	fcall	_centena
   796  0166  0871               	movf	?_centena+1,w
   797  0167  1283               	bcf	3,5	;RP0=0, select bank0
   798  0168  1303               	bcf	3,6	;RP1=0, select bank0
   799  0169  00AB               	movwf	_val1+1
   800  016A  0870               	movf	?_centena,w
   801  016B  00AA               	movwf	_val1
   802  016C                     i1l1227:
   803                           
   804                           ;Lab7.c: 205:     valdisp = display(val2);
   805  016C  0829               	movf	_val2+1,w
   806  016D  00F1               	movwf	display@val1+1
   807  016E  0828               	movf	_val2,w
   808  016F  00F0               	movwf	display@val1
   809  0170  120A  118A  20A3  120A  118A  	fcall	_display
   810  0175  0871               	movf	?_display+1,w
   811  0176  00FB               	movwf	_valdisp+1
   812  0177  0870               	movf	?_display,w
   813  0178  00FA               	movwf	_valdisp
   814  0179                     i1l1229:
   815                           
   816                           ;Lab7.c: 206:     return valdisp;
   817  0179  087B               	movf	_valdisp+1,w
   818  017A  00F3               	movwf	?_disp2+1
   819  017B  087A               	movf	_valdisp,w
   820  017C  00F2               	movwf	?_disp2
   821  017D                     i1l161:
   822  017D  0008               	return
   823  017E                     __end_of_disp2:
   824                           
   825                           	psect	text3
   826  01ED                     __ptext3:	
   827 ;; *************** function _centena *****************
   828 ;; Defined at:
   829 ;;		line 134 in file "Lab7.c"
   830 ;; Parameters:    Size  Location     Type
   831 ;;		None
   832 ;; Auto vars:     Size  Location     Type
   833 ;;		None
   834 ;; Return value:  Size  Location     Type
   835 ;;                  2    0[COMMON] int 
   836 ;; Registers used:
   837 ;;		wreg, status,2
   838 ;; Tracked objects:
   839 ;;		On entry : 0/0
   840 ;;		On exit  : 0/0
   841 ;;		Unchanged: 0/0
   842 ;; Data sizes:     COMMON   BANK0   BANK1   BANK3   BANK2
   843 ;;      Params:         2       0       0       0       0
   844 ;;      Locals:         0       0       0       0       0
   845 ;;      Temps:          0       0       0       0       0
   846 ;;      Totals:         2       0       0       0       0
   847 ;;Total ram usage:        2 bytes
   848 ;; Hardware stack levels used:    1
   849 ;; This function calls:
   850 ;;		Nothing
   851 ;; This function is called by:
   852 ;;		_disp2
   853 ;; This function uses a non-reentrant model
   854 ;;
   855                           
   856                           
   857                           ;psect for function _centena
   858  01ED                     _centena:
   859  01ED                     i1l1085:	
   860                           ;incstack = 0
   861                           ; Regs used in _centena: [wreg+status,2]
   862                           
   863                           
   864                           ;Lab7.c: 135:     if ((0 <= PORTA) || (PORTA < 100)){
   865  01ED  1283               	bcf	3,5	;RP0=0, select bank0
   866  01EE  1303               	bcf	3,6	;RP1=0, select bank0
   867  01EF  0805               	movf	5,w	;volatile
   868  01F0                     i1l1089:
   869                           
   870                           ;Lab7.c: 136:         cen = 0;
   871  01F0  01A2               	clrf	_cen
   872  01F1  01A3               	clrf	_cen+1
   873  01F2                     i1l105:	
   874                           ;Lab7.c: 137:     }
   875                           
   876                           
   877                           ;Lab7.c: 144:     return cen;
   878  01F2  0823               	movf	_cen+1,w
   879  01F3  00F1               	movwf	?_centena+1
   880  01F4  0822               	movf	_cen,w
   881  01F5  00F0               	movwf	?_centena
   882  01F6                     i1l111:
   883  01F6  0008               	return
   884  01F7                     __end_of_centena:
   885                           
   886                           	psect	text4
   887  017E                     __ptext4:	
   888 ;; *************** function _disp1 *****************
   889 ;; Defined at:
   890 ;;		line 209 in file "Lab7.c"
   891 ;; Parameters:    Size  Location     Type
   892 ;;		None
   893 ;; Auto vars:     Size  Location     Type
   894 ;;		None
   895 ;; Return value:  Size  Location     Type
   896 ;;                  2    4[COMMON] int 
   897 ;; Registers used:
   898 ;;		wreg, fsr0l, fsr0h, status,2, status,0, pclath, cstack
   899 ;; Tracked objects:
   900 ;;		On entry : 0/0
   901 ;;		On exit  : 0/0
   902 ;;		Unchanged: 0/0
   903 ;; Data sizes:     COMMON   BANK0   BANK1   BANK3   BANK2
   904 ;;      Params:         2       0       0       0       0
   905 ;;      Locals:         0       0       0       0       0
   906 ;;      Temps:          0       0       0       0       0
   907 ;;      Totals:         2       0       0       0       0
   908 ;;Total ram usage:        2 bytes
   909 ;; Hardware stack levels used:    1
   910 ;; Hardware stack levels required when called:    1
   911 ;; This function calls:
   912 ;;		_decena
   913 ;;		_display
   914 ;; This function is called by:
   915 ;;		_isr
   916 ;; This function uses a non-reentrant model
   917 ;;
   918                           
   919                           
   920                           ;psect for function _disp1
   921  017E                     _disp1:
   922  017E                     i1l1209:	
   923                           ;incstack = 0
   924                           ; Regs used in _disp1: [wreg-fsr0h+status,2+status,0+pclath+cstack]
   925                           
   926                           
   927                           ;Lab7.c: 210:     PORTC = 0x00;
   928  017E  1283               	bcf	3,5	;RP0=0, select bank0
   929  017F  1303               	bcf	3,6	;RP1=0, select bank0
   930  0180  0187               	clrf	7	;volatile
   931  0181                     i1l1211:
   932                           
   933                           ;Lab7.c: 211:     PORTD = 0B00000010;
   934  0181  3002               	movlw	2
   935  0182  0088               	movwf	8	;volatile
   936  0183                     i1l1213:
   937                           
   938                           ;Lab7.c: 212:     val1 = decena(dec);
   939  0183  0825               	movf	_dec+1,w
   940  0184  00F1               	movwf	?_decena+1
   941  0185  0824               	movf	_dec,w
   942  0186  00F0               	movwf	?_decena
   943  0187  120A  118A  2114  120A  118A  	fcall	_decena
   944  018C  0871               	movf	?_decena+1,w
   945  018D  1283               	bcf	3,5	;RP0=0, select bank0
   946  018E  1303               	bcf	3,6	;RP1=0, select bank0
   947  018F  00AB               	movwf	_val1+1
   948  0190  0870               	movf	?_decena,w
   949  0191  00AA               	movwf	_val1
   950  0192                     i1l1215:
   951                           
   952                           ;Lab7.c: 213:     valdisp = display(val2);
   953  0192  0829               	movf	_val2+1,w
   954  0193  00F1               	movwf	display@val1+1
   955  0194  0828               	movf	_val2,w
   956  0195  00F0               	movwf	display@val1
   957  0196  120A  118A  20A3  120A  118A  	fcall	_display
   958  019B  0871               	movf	?_display+1,w
   959  019C  00FB               	movwf	_valdisp+1
   960  019D  0870               	movf	?_display,w
   961  019E  00FA               	movwf	_valdisp
   962  019F                     i1l1217:
   963                           
   964                           ;Lab7.c: 214:     return valdisp;
   965  019F  087B               	movf	_valdisp+1,w
   966  01A0  00F5               	movwf	?_disp1+1
   967  01A1  087A               	movf	_valdisp,w
   968  01A2  00F4               	movwf	?_disp1
   969  01A3                     i1l164:
   970  01A3  0008               	return
   971  01A4                     __end_of_disp1:
   972                           
   973                           	psect	text5
   974  01A4                     __ptext5:	
   975 ;; *************** function _disp0 *****************
   976 ;; Defined at:
   977 ;;		line 217 in file "Lab7.c"
   978 ;; Parameters:    Size  Location     Type
   979 ;;		None
   980 ;; Auto vars:     Size  Location     Type
   981 ;;		None
   982 ;; Return value:  Size  Location     Type
   983 ;;                  2    4[COMMON] int 
   984 ;; Registers used:
   985 ;;		wreg, fsr0l, fsr0h, status,2, status,0, pclath, cstack
   986 ;; Tracked objects:
   987 ;;		On entry : 0/0
   988 ;;		On exit  : 0/0
   989 ;;		Unchanged: 0/0
   990 ;; Data sizes:     COMMON   BANK0   BANK1   BANK3   BANK2
   991 ;;      Params:         2       0       0       0       0
   992 ;;      Locals:         0       0       0       0       0
   993 ;;      Temps:          0       0       0       0       0
   994 ;;      Totals:         2       0       0       0       0
   995 ;;Total ram usage:        2 bytes
   996 ;; Hardware stack levels used:    1
   997 ;; Hardware stack levels required when called:    1
   998 ;; This function calls:
   999 ;;		_decena
  1000 ;;		_display
  1001 ;; This function is called by:
  1002 ;;		_isr
  1003 ;; This function uses a non-reentrant model
  1004 ;;
  1005                           
  1006                           
  1007                           ;psect for function _disp0
  1008  01A4                     _disp0:
  1009  01A4                     i1l1197:	
  1010                           ;incstack = 0
  1011                           ; Regs used in _disp0: [wreg-fsr0h+status,2+status,0+pclath+cstack]
  1012                           
  1013                           
  1014                           ;Lab7.c: 218:     PORTC = 0x00;
  1015  01A4  1283               	bcf	3,5	;RP0=0, select bank0
  1016  01A5  1303               	bcf	3,6	;RP1=0, select bank0
  1017  01A6  0187               	clrf	7	;volatile
  1018  01A7                     i1l1199:
  1019                           
  1020                           ;Lab7.c: 219:     PORTD = 0B00000001;
  1021  01A7  3001               	movlw	1
  1022  01A8  0088               	movwf	8	;volatile
  1023  01A9                     i1l1201:
  1024                           
  1025                           ;Lab7.c: 220:     val1 = decena(uni);
  1026  01A9  0821               	movf	_uni+1,w
  1027  01AA  00F1               	movwf	?_decena+1
  1028  01AB  0820               	movf	_uni,w
  1029  01AC  00F0               	movwf	?_decena
  1030  01AD  120A  118A  2114  120A  118A  	fcall	_decena
  1031  01B2  0871               	movf	?_decena+1,w
  1032  01B3  1283               	bcf	3,5	;RP0=0, select bank0
  1033  01B4  1303               	bcf	3,6	;RP1=0, select bank0
  1034  01B5  00AB               	movwf	_val1+1
  1035  01B6  0870               	movf	?_decena,w
  1036  01B7  00AA               	movwf	_val1
  1037  01B8                     i1l1203:
  1038                           
  1039                           ;Lab7.c: 221:     valdisp = display(val2);
  1040  01B8  0829               	movf	_val2+1,w
  1041  01B9  00F1               	movwf	display@val1+1
  1042  01BA  0828               	movf	_val2,w
  1043  01BB  00F0               	movwf	display@val1
  1044  01BC  120A  118A  20A3  120A  118A  	fcall	_display
  1045  01C1  0871               	movf	?_display+1,w
  1046  01C2  00FB               	movwf	_valdisp+1
  1047  01C3  0870               	movf	?_display,w
  1048  01C4  00FA               	movwf	_valdisp
  1049  01C5                     i1l1205:
  1050                           
  1051                           ;Lab7.c: 222:     return valdisp;
  1052  01C5  087B               	movf	_valdisp+1,w
  1053  01C6  00F5               	movwf	?_disp0+1
  1054  01C7  087A               	movf	_valdisp,w
  1055  01C8  00F4               	movwf	?_disp0
  1056  01C9                     i1l167:
  1057  01C9  0008               	return
  1058  01CA                     __end_of_disp0:
  1059                           
  1060                           	psect	text6
  1061  00A3                     __ptext6:	
  1062 ;; *************** function _display *****************
  1063 ;; Defined at:
  1064 ;;		line 70 in file "Lab7.c"
  1065 ;; Parameters:    Size  Location     Type
  1066 ;;  val1            2    0[COMMON] int 
  1067 ;; Auto vars:     Size  Location     Type
  1068 ;;		None
  1069 ;; Return value:  Size  Location     Type
  1070 ;;                  2    0[COMMON] int 
  1071 ;; Registers used:
  1072 ;;		wreg, fsr0l, fsr0h, status,2, status,0
  1073 ;; Tracked objects:
  1074 ;;		On entry : 0/0
  1075 ;;		On exit  : 0/0
  1076 ;;		Unchanged: 0/0
  1077 ;; Data sizes:     COMMON   BANK0   BANK1   BANK3   BANK2
  1078 ;;      Params:         2       0       0       0       0
  1079 ;;      Locals:         0       0       0       0       0
  1080 ;;      Temps:          0       0       0       0       0
  1081 ;;      Totals:         2       0       0       0       0
  1082 ;;Total ram usage:        2 bytes
  1083 ;; Hardware stack levels used:    1
  1084 ;; This function calls:
  1085 ;;		Nothing
  1086 ;; This function is called by:
  1087 ;;		_disp2
  1088 ;;		_disp1
  1089 ;;		_disp0
  1090 ;; This function uses a non-reentrant model
  1091 ;;
  1092                           
  1093                           
  1094                           ;psect for function _display
  1095  00A3                     _display:
  1096  00A3                     i1l1051:	
  1097                           ;incstack = 0
  1098                           ; Regs used in _display: [wreg-fsr0h+status,2+status,0]
  1099                           
  1100                           
  1101                           ;Lab7.c: 71:     switch (val1){
  1102  00A3  28EA               	goto	i1l1075
  1103  00A4                     i1l1053:
  1104                           
  1105                           ;Lab7.c: 73:                 val2 = 0B00111111;
  1106  00A4  303F               	movlw	63
  1107  00A5  1283               	bcf	3,5	;RP0=0, select bank0
  1108  00A6  1303               	bcf	3,6	;RP1=0, select bank0
  1109  00A7  00A8               	movwf	_val2
  1110  00A8  3000               	movlw	0
  1111  00A9  00A9               	movwf	_val2+1
  1112                           
  1113                           ;Lab7.c: 74:                 break;
  1114  00AA  290F               	goto	i1l1077
  1115  00AB                     i1l1055:
  1116                           
  1117                           ;Lab7.c: 76:                 val2 = 0B00000110;
  1118  00AB  3006               	movlw	6
  1119  00AC  1283               	bcf	3,5	;RP0=0, select bank0
  1120  00AD  1303               	bcf	3,6	;RP1=0, select bank0
  1121  00AE  00A8               	movwf	_val2
  1122  00AF  3000               	movlw	0
  1123  00B0  00A9               	movwf	_val2+1
  1124                           
  1125                           ;Lab7.c: 77:                 break;
  1126  00B1  290F               	goto	i1l1077
  1127  00B2                     i1l1057:
  1128                           
  1129                           ;Lab7.c: 79:                 val2 = 0B01011011;
  1130  00B2  305B               	movlw	91
  1131  00B3  1283               	bcf	3,5	;RP0=0, select bank0
  1132  00B4  1303               	bcf	3,6	;RP1=0, select bank0
  1133  00B5  00A8               	movwf	_val2
  1134  00B6  3000               	movlw	0
  1135  00B7  00A9               	movwf	_val2+1
  1136                           
  1137                           ;Lab7.c: 80:                 break;
  1138  00B8  290F               	goto	i1l1077
  1139  00B9                     i1l1059:
  1140                           
  1141                           ;Lab7.c: 82:                 val2 = 0B01001111;
  1142  00B9  304F               	movlw	79
  1143  00BA  1283               	bcf	3,5	;RP0=0, select bank0
  1144  00BB  1303               	bcf	3,6	;RP1=0, select bank0
  1145  00BC  00A8               	movwf	_val2
  1146  00BD  3000               	movlw	0
  1147  00BE  00A9               	movwf	_val2+1
  1148                           
  1149                           ;Lab7.c: 83:                 break;
  1150  00BF  290F               	goto	i1l1077
  1151  00C0                     i1l1061:
  1152                           
  1153                           ;Lab7.c: 85:                 val2 = 0B01100110;
  1154  00C0  3066               	movlw	102
  1155  00C1  1283               	bcf	3,5	;RP0=0, select bank0
  1156  00C2  1303               	bcf	3,6	;RP1=0, select bank0
  1157  00C3  00A8               	movwf	_val2
  1158  00C4  3000               	movlw	0
  1159  00C5  00A9               	movwf	_val2+1
  1160                           
  1161                           ;Lab7.c: 86:                 break;
  1162  00C6  290F               	goto	i1l1077
  1163  00C7                     i1l1063:
  1164                           
  1165                           ;Lab7.c: 88:                 val2 = 0B01101101;
  1166  00C7  306D               	movlw	109
  1167  00C8  1283               	bcf	3,5	;RP0=0, select bank0
  1168  00C9  1303               	bcf	3,6	;RP1=0, select bank0
  1169  00CA  00A8               	movwf	_val2
  1170  00CB  3000               	movlw	0
  1171  00CC  00A9               	movwf	_val2+1
  1172                           
  1173                           ;Lab7.c: 89:                 break;
  1174  00CD  290F               	goto	i1l1077
  1175  00CE                     i1l1065:
  1176                           
  1177                           ;Lab7.c: 91:                 val2 = 0B01111101;
  1178  00CE  307D               	movlw	125
  1179  00CF  1283               	bcf	3,5	;RP0=0, select bank0
  1180  00D0  1303               	bcf	3,6	;RP1=0, select bank0
  1181  00D1  00A8               	movwf	_val2
  1182  00D2  3000               	movlw	0
  1183  00D3  00A9               	movwf	_val2+1
  1184                           
  1185                           ;Lab7.c: 92:                 break;
  1186  00D4  290F               	goto	i1l1077
  1187  00D5                     i1l1067:
  1188                           
  1189                           ;Lab7.c: 94:                 val2 = 0B01000111;
  1190  00D5  3047               	movlw	71
  1191  00D6  1283               	bcf	3,5	;RP0=0, select bank0
  1192  00D7  1303               	bcf	3,6	;RP1=0, select bank0
  1193  00D8  00A8               	movwf	_val2
  1194  00D9  3000               	movlw	0
  1195  00DA  00A9               	movwf	_val2+1
  1196                           
  1197                           ;Lab7.c: 95:                 break;
  1198  00DB  290F               	goto	i1l1077
  1199  00DC                     i1l1069:
  1200                           
  1201                           ;Lab7.c: 97:                 val2 = 0B01111111;
  1202  00DC  307F               	movlw	127
  1203  00DD  1283               	bcf	3,5	;RP0=0, select bank0
  1204  00DE  1303               	bcf	3,6	;RP1=0, select bank0
  1205  00DF  00A8               	movwf	_val2
  1206  00E0  3000               	movlw	0
  1207  00E1  00A9               	movwf	_val2+1
  1208                           
  1209                           ;Lab7.c: 98:                 break;
  1210  00E2  290F               	goto	i1l1077
  1211  00E3                     i1l1071:
  1212                           
  1213                           ;Lab7.c: 100:                 val2 = 0B01100111;
  1214  00E3  3067               	movlw	103
  1215  00E4  1283               	bcf	3,5	;RP0=0, select bank0
  1216  00E5  1303               	bcf	3,6	;RP1=0, select bank0
  1217  00E6  00A8               	movwf	_val2
  1218  00E7  3000               	movlw	0
  1219  00E8  00A9               	movwf	_val2+1
  1220                           
  1221                           ;Lab7.c: 101:                 break;
  1222  00E9  290F               	goto	i1l1077
  1223  00EA                     i1l1075:
  1224                           
  1225                           ; Switch on 2 bytes has been partitioned into a top level switch of size 1, and 1 sub-sw
      +                          itches
  1226                           ; Switch size 1, requested type "simple"
  1227                           ; Number of cases is 1, Range of values is 0 to 0
  1228                           ; switch strategies available:
  1229                           ; Name         Instructions Cycles
  1230                           ; simple_byte            4     3 (average)
  1231                           ; direct_byte           11     8 (fixed)
  1232                           ; jumptable            260     6 (fixed)
  1233                           ;	Chosen strategy is simple_byte
  1234  00EA  0871               	movf	display@val1+1,w
  1235  00EB  3A00               	xorlw	0	; case 0
  1236  00EC  1903               	skipnz
  1237  00ED  28EF               	goto	i1l1345
  1238  00EE  28A4               	goto	i1l1053
  1239  00EF                     i1l1345:
  1240                           
  1241                           ; Switch size 1, requested type "simple"
  1242                           ; Number of cases is 10, Range of values is 0 to 9
  1243                           ; switch strategies available:
  1244                           ; Name         Instructions Cycles
  1245                           ; simple_byte           31    16 (average)
  1246                           ; direct_byte           38     8 (fixed)
  1247                           ; jumptable            260     6 (fixed)
  1248                           ;	Chosen strategy is simple_byte
  1249  00EF  0870               	movf	display@val1,w
  1250  00F0  3A00               	xorlw	0	; case 0
  1251  00F1  1903               	skipnz
  1252  00F2  28A4               	goto	i1l1053
  1253  00F3  3A01               	xorlw	1	; case 1
  1254  00F4  1903               	skipnz
  1255  00F5  28AB               	goto	i1l1055
  1256  00F6  3A03               	xorlw	3	; case 2
  1257  00F7  1903               	skipnz
  1258  00F8  28B2               	goto	i1l1057
  1259  00F9  3A01               	xorlw	1	; case 3
  1260  00FA  1903               	skipnz
  1261  00FB  28B9               	goto	i1l1059
  1262  00FC  3A07               	xorlw	7	; case 4
  1263  00FD  1903               	skipnz
  1264  00FE  28C0               	goto	i1l1061
  1265  00FF  3A01               	xorlw	1	; case 5
  1266  0100  1903               	skipnz
  1267  0101  28C7               	goto	i1l1063
  1268  0102  3A03               	xorlw	3	; case 6
  1269  0103  1903               	skipnz
  1270  0104  28CE               	goto	i1l1065
  1271  0105  3A01               	xorlw	1	; case 7
  1272  0106  1903               	skipnz
  1273  0107  28D5               	goto	i1l1067
  1274  0108  3A0F               	xorlw	15	; case 8
  1275  0109  1903               	skipnz
  1276  010A  28DC               	goto	i1l1069
  1277  010B  3A01               	xorlw	1	; case 9
  1278  010C  1903               	skipnz
  1279  010D  28E3               	goto	i1l1071
  1280  010E  28A4               	goto	i1l1053
  1281  010F                     i1l1077:
  1282                           
  1283                           ;Lab7.c: 104:     return val2;
  1284  010F  0829               	movf	_val2+1,w
  1285  0110  00F1               	movwf	?_display+1
  1286  0111  0828               	movf	_val2,w
  1287  0112  00F0               	movwf	?_display
  1288  0113                     i1l91:
  1289  0113  0008               	return
  1290  0114                     __end_of_display:
  1291                           
  1292                           	psect	text7
  1293  0114                     __ptext7:	
  1294 ;; *************** function _decena *****************
  1295 ;; Defined at:
  1296 ;;		line 147 in file "Lab7.c"
  1297 ;; Parameters:    Size  Location     Type
  1298 ;;		None
  1299 ;; Auto vars:     Size  Location     Type
  1300 ;;		None
  1301 ;; Return value:  Size  Location     Type
  1302 ;;                  2    0[COMMON] int 
  1303 ;; Registers used:
  1304 ;;		wreg, status,2
  1305 ;; Tracked objects:
  1306 ;;		On entry : 0/0
  1307 ;;		On exit  : 0/0
  1308 ;;		Unchanged: 0/0
  1309 ;; Data sizes:     COMMON   BANK0   BANK1   BANK3   BANK2
  1310 ;;      Params:         2       0       0       0       0
  1311 ;;      Locals:         0       0       0       0       0
  1312 ;;      Temps:          2       0       0       0       0
  1313 ;;      Totals:         4       0       0       0       0
  1314 ;;Total ram usage:        4 bytes
  1315 ;; Hardware stack levels used:    1
  1316 ;; This function calls:
  1317 ;;		Nothing
  1318 ;; This function is called by:
  1319 ;;		_disp1
  1320 ;;		_disp0
  1321 ;; This function uses a non-reentrant model
  1322 ;;
  1323                           
  1324                           
  1325                           ;psect for function _decena
  1326  0114                     _decena:
  1327  0114                     i1l1103:	
  1328                           ;incstack = 0
  1329                           ; Regs used in _decena: [wreg+status,2]
  1330                           
  1331                           
  1332                           ;Lab7.c: 148:     if (PORTA<100){
  1333  0114  3064               	movlw	100
  1334  0115  1283               	bcf	3,5	;RP0=0, select bank0
  1335  0116  1303               	bcf	3,6	;RP1=0, select bank0
  1336  0117  0205               	subwf	5,w	;volatile
  1337  0118  1803               	skipnc
  1338  0119  291B               	goto	u11_21
  1339  011A  291C               	goto	u11_20
  1340  011B                     u11_21:
  1341  011B  2924               	goto	i1l1107
  1342  011C                     u11_20:
  1343  011C                     i1l1105:
  1344                           
  1345                           ;Lab7.c: 149:         cont = PORTA;
  1346  011C  0805               	movf	5,w	;volatile
  1347  011D  00F2               	movwf	??_decena
  1348  011E  01F3               	clrf	??_decena+1
  1349  011F  0872               	movf	??_decena,w
  1350  0120  00FC               	movwf	_cont
  1351  0121  0873               	movf	??_decena+1,w
  1352  0122  00FD               	movwf	_cont+1
  1353                           
  1354                           ;Lab7.c: 150:     }
  1355  0123  294D               	goto	i1l1117
  1356  0124                     i1l1107:
  1357  0124  3064               	movlw	100
  1358  0125  0205               	subwf	5,w	;volatile
  1359  0126  1803               	skipnc
  1360  0127  2929               	goto	u12_21
  1361  0128  292A               	goto	u12_20
  1362  0129                     u12_21:
  1363  0129  2930               	goto	i1l1111
  1364  012A                     u12_20:
  1365  012A                     i1l1109:
  1366  012A  30C8               	movlw	200
  1367  012B  0205               	subwf	5,w	;volatile
  1368  012C  1803               	skipnc
  1369  012D  292F               	goto	u13_21
  1370  012E  2930               	goto	u13_20
  1371  012F                     u13_21:
  1372  012F  293C               	goto	i1l1113
  1373  0130                     u13_20:
  1374  0130                     i1l1111:
  1375                           
  1376                           ;Lab7.c: 152:         cont = (PORTA - 100);
  1377  0130  0805               	movf	5,w	;volatile
  1378  0131  3E9C               	addlw	156
  1379  0132  00F2               	movwf	??_decena
  1380  0133  30FF               	movlw	255
  1381  0134  1803               	skipnc
  1382  0135  3000               	movlw	0
  1383  0136  00F3               	movwf	??_decena+1
  1384  0137  0872               	movf	??_decena,w
  1385  0138  00FC               	movwf	_cont
  1386  0139  0873               	movf	??_decena+1,w
  1387  013A  00FD               	movwf	_cont+1
  1388                           
  1389                           ;Lab7.c: 153:     }
  1390  013B  294D               	goto	i1l1117
  1391  013C                     i1l1113:
  1392  013C  30C8               	movlw	200
  1393  013D  0205               	subwf	5,w	;volatile
  1394  013E  1C03               	skipc
  1395  013F  2941               	goto	u14_21
  1396  0140  2942               	goto	u14_20
  1397  0141                     u14_21:
  1398  0141  294D               	goto	i1l1117
  1399  0142                     u14_20:
  1400  0142                     i1l1115:
  1401                           
  1402                           ;Lab7.c: 155:         cont = (PORTA - 200);
  1403  0142  0805               	movf	5,w	;volatile
  1404  0143  3E38               	addlw	56
  1405  0144  00F2               	movwf	??_decena
  1406  0145  30FF               	movlw	255
  1407  0146  1803               	skipnc
  1408  0147  3000               	movlw	0
  1409  0148  00F3               	movwf	??_decena+1
  1410  0149  0872               	movf	??_decena,w
  1411  014A  00FC               	movwf	_cont
  1412  014B  0873               	movf	??_decena+1,w
  1413  014C  00FD               	movwf	_cont+1
  1414  014D                     i1l1117:
  1415                           
  1416                           ;Lab7.c: 158:         dec = 0;
  1417  014D  01A4               	clrf	_dec
  1418  014E  01A5               	clrf	_dec+1
  1419  014F                     i1l1119:
  1420                           
  1421                           ;Lab7.c: 159:         uni = cont;
  1422  014F  087D               	movf	_cont+1,w
  1423  0150  00A1               	movwf	_uni+1
  1424  0151  087C               	movf	_cont,w
  1425  0152  00A0               	movwf	_uni
  1426  0153                     i1l1193:	
  1427                           ;Lab7.c: 160:     }
  1428                           
  1429                           
  1430                           ;Lab7.c: 197:     return dec, uni;
  1431  0153  0821               	movf	_uni+1,w
  1432  0154  00F1               	movwf	?_decena+1
  1433  0155  0820               	movf	_uni,w
  1434  0156  00F0               	movwf	?_decena
  1435  0157                     i1l158:
  1436  0157  0008               	return
  1437  0158                     __end_of_decena:
  1438  007E                     btemp	set	126	;btemp
  1439  007E                     wtemp0	set	126
  1440                           
  1441                           	psect	config
  1442                           
  1443                           ;Config register CONFIG1 @ 0x2007
  1444                           ;	Oscillator Selection bits
  1445                           ;	FOSC = INTRC_NOCLKOUT, INTOSCIO oscillator: I/O function on RA6/OSC2/CLKOUT pin, I/O f
      +                          unction on RA7/OSC1/CLKIN
  1446                           ;	Watchdog Timer Enable bit
  1447                           ;	WDTE = OFF, WDT disabled and can be enabled by SWDTEN bit of the WDTCON register
  1448                           ;	Power-up Timer Enable bit
  1449                           ;	PWRTE = ON, PWRT enabled
  1450                           ;	RE3/MCLR pin function select bit
  1451                           ;	MCLRE = OFF, RE3/MCLR pin function is digital input, MCLR internally tied to VDD
  1452                           ;	Code Protection bit
  1453                           ;	CP = OFF, Program memory code protection is disabled
  1454                           ;	Data Code Protection bit
  1455                           ;	CPD = OFF, Data memory code protection is disabled
  1456                           ;	Brown Out Reset Selection bits
  1457                           ;	BOREN = OFF, BOR disabled
  1458                           ;	Internal External Switchover bit
  1459                           ;	IESO = OFF, Internal/External Switchover mode is disabled
  1460                           ;	Fail-Safe Clock Monitor Enabled bit
  1461                           ;	FCMEN = OFF, Fail-Safe Clock Monitor is disabled
  1462                           ;	Low Voltage Programming Enable bit
  1463                           ;	LVP = ON, RB3/PGM pin has PGM function, low voltage programming enabled
  1464                           ;	In-Circuit Debugger Mode bit
  1465                           ;	DEBUG = 0x1, unprogrammed default
  1466  2007                     	org	8199
  1467  2007  30C4               	dw	12484
  1468                           
  1469                           ;Config register CONFIG2 @ 0x2008
  1470                           ;	Brown-out Reset Selection bit
  1471                           ;	BOR4V = BOR40V, Brown-out Reset set to 4.0V
  1472                           ;	Flash Program Memory Self Write Enable bits
  1473                           ;	WRT = OFF, Write protection off
  1474  2008                     	org	8200
  1475  2008  3FFF               	dw	16383

Data Sizes:
    Strings     0
    Constant    0
    Data        0
    BSS         16
    Persistent  0
    Stack       0

Auto Spaces:
    Space          Size  Autos    Used
    COMMON           14     10      14
    BANK0            80      0      12
    BANK1            80      0       0
    BANK3            96      0       0
    BANK2            96      0       0

Pointer List with Targets:

    None.

Critical Paths under _main in COMMON

    None.

Critical Paths under _isr in COMMON

    _isr->_disp0
    _isr->_disp1
    _disp2->_centena
    _disp2->_display
    _disp1->_decena
    _disp0->_decena

Critical Paths under _main in BANK0

    None.

Critical Paths under _isr in BANK0

    None.

Critical Paths under _main in BANK1

    None.

Critical Paths under _isr in BANK1

    None.

Critical Paths under _main in BANK3

    None.

Critical Paths under _isr in BANK3

    None.

Critical Paths under _main in BANK2

    None.

Critical Paths under _isr in BANK2

    None.

Call Graph Tables:

 ---------------------------------------------------------------------------------
 (Depth) Function   	        Calls       Base Space   Used Autos Params    Refs
 ---------------------------------------------------------------------------------
 (0) _main                                                 0     0      0       0
 ---------------------------------------------------------------------------------
 Estimated maximum stack depth 0
 ---------------------------------------------------------------------------------
 (Depth) Function   	        Calls       Base Space   Used Autos Params    Refs
 ---------------------------------------------------------------------------------
 (1) _isr                                                  4     4      0     750
                                              6 COMMON     4     4      0
                              _disp0
                              _disp1
                              _disp2
 ---------------------------------------------------------------------------------
 (2) _disp2                                                2     0      2     250
                                              2 COMMON     2     0      2
                            _centena
                            _display
 ---------------------------------------------------------------------------------
 (3) _centena                                              2     0      2       0
                                              0 COMMON     2     0      2
 ---------------------------------------------------------------------------------
 (2) _disp1                                                2     0      2     250
                                              4 COMMON     2     0      2
                             _decena
                            _display
 ---------------------------------------------------------------------------------
 (2) _disp0                                                2     0      2     250
                                              4 COMMON     2     0      2
                             _decena
                            _display
 ---------------------------------------------------------------------------------
 (3) _display                                              2     0      2     250
                                              0 COMMON     2     0      2
 ---------------------------------------------------------------------------------
 (3) _decena                                               4     2      2       0
                                              0 COMMON     4     2      2
 ---------------------------------------------------------------------------------
 Estimated maximum stack depth 3
 ---------------------------------------------------------------------------------

 Call Graph Graphs:

 _main (ROOT)

 _isr (ROOT)
   _disp0
     _decena
     _display
   _disp1
     _decena
     _display
   _disp2
     _centena
     _display

 Address spaces:
Name               Size   Autos  Total    Cost      Usage
BITCOMMON            E      0       0       0        0.0%
EEDATA             100      0       0       0        0.0%
NULL                 0      0       0       0        0.0%
CODE                 0      0       0       0        0.0%
COMMON               E      A       E       1      100.0%
BITSFR0              0      0       0       1        0.0%
SFR0                 0      0       0       1        0.0%
BITSFR1              0      0       0       2        0.0%
SFR1                 0      0       0       2        0.0%
STACK                0      0       0       2        0.0%
ABS                  0      0      1A       3        0.0%
BITBANK0            50      0       0       4        0.0%
BITSFR3              0      0       0       4        0.0%
SFR3                 0      0       0       4        0.0%
BANK0               50      0       C       5       15.0%
BITSFR2              0      0       0       5        0.0%
SFR2                 0      0       0       5        0.0%
BITBANK1            50      0       0       6        0.0%
BANK1               50      0       0       7        0.0%
BITBANK3            60      0       0       8        0.0%
BANK3               60      0       0       9        0.0%
BITBANK2            60      0       0      10        0.0%
BANK2               60      0       0      11        0.0%
DATA                 0      0      1A      12        0.0%


Microchip Technology PIC Macro Assembler V2.31 build 20201012212115 
Symbol Table                                                                                   Fri Apr 16 18:25:18 2021

                     l96 01E9                       l97 01E9                      _RB0 0030  
                    _RB1 0031                      _dec 0024                      _cen 0022  
                    _isr 0027                      fsr0 0004                      _uni 0020  
                   l1301 01E8                     l1281 01D4                     l1291 01E1  
                   l1283 01D5                     l1275 01CA                     l1293 01E4  
                   l1285 01D7                     l1277 01D1                     l1295 01E5  
                   l1287 01D9                     l1279 01D3                     l1297 01E6  
                   l1289 01DD                     l1299 01E7                     ?_isr 0070  
                   _T0IF 005A                     _IOCB 0096                     _RBIF 0058  
                   i1l66 0037                     i1l91 0113                     i1l75 009A  
                   _TMR0 0001              display@val1 0070                     _disp 0026  
                   _cont 007C                     _main 01CA                     _val1 002A  
                   _val2 0028                     btemp 007E                     start 000E  
                  ??_isr 0076                    ?_main 0070                    _ANSEL 0188  
                  i1l111 01F6                    i1l105 01F2                    i1l161 017D  
                  i1l164 01A3                    i1l158 0157                    i1l167 01C9  
                  u11_20 011C                    u11_21 011B                    u12_20 012A  
                  u12_21 0129                    u20_24 0097                    u13_20 0130  
                  u13_21 012F                    u14_20 0142                    u14_21 0141  
                  u15_20 002B                    u15_21 002A                    u16_20 0031  
                  u16_21 0030                    u17_20 003B                    u17_21 003A  
                  u18_20 0042                    u18_21 0041                    u19_20 0094  
                  u19_21 0090                    _PORTA 0005                    _PORTC 0007  
                  _PORTD 0008                    _TRISA 0085                    _TRISB 0086  
                  _TRISC 0087                    _TRISD 0088          __end_of_centena 01F7  
        __end_of_display 0114                    _disp0 01A4                    _disp1 017E  
                  _disp2 0158                    pclath 000A                    status 0003  
                  wtemp0 007E          __initialization 0011             __end_of_main 01ED  
                 ??_main 0000                   ?_disp0 0074                   ?_disp1 0074  
                 ?_disp2 0072                   _ANSELH 0189                   i1l1111 0130  
                 i1l1103 0114                   i1l1113 013C                   i1l1105 011C  
                 i1l1201 01A9                   i1l1115 0142                   i1l1107 0124  
                 i1l1051 00A3                   i1l1203 01B8                   i1l1211 0181  
                 i1l1109 012A                   i1l1117 014D                   i1l1061 00C0  
                 i1l1053 00A4                   i1l1205 01C5                   i1l1213 0183  
                 i1l1221 0158                   i1l1119 014F                   i1l1071 00E3  
                 i1l1063 00C7                   i1l1055 00AB                   i1l1215 0192  
                 i1l1223 015B                   i1l1065 00CE                   i1l1057 00B2  
                 i1l1217 019F                   i1l1209 017E                   i1l1225 015D  
                 i1l1241 003B                   i1l1233 0027                   i1l1067 00D5  
                 i1l1059 00B9                   i1l1075 00EA                   i1l1227 016C  
                 i1l1251 0053                   i1l1243 003D                   i1l1235 002B  
                 i1l1069 00DC                   i1l1077 010F                   i1l1085 01ED  
                 i1l1229 0179                   i1l1253 0058                   i1l1237 0031  
                 i1l1245 003E                   i1l1343 007F                   i1l1255 0065  
                 i1l1263 007A                   i1l1247 0042                   i1l1239 0035  
                 i1l1193 0153                   i1l1345 00EF                   i1l1089 01F0  
                 i1l1257 006A                   i1l1265 008A                   i1l1249 0046  
                 i1l1267 0097                   i1l1259 0077                   i1l1197 01A4  
                 i1l1269 0098                   i1l1199 01A7                   _OSCCON 008F  
                 _decena 0114                ??_centena 0072                ??_display 0072  
                 saved_w 007E  __end_of__initialization 0023           __pcstackCOMMON 0070  
          __end_of_disp0 01CA            __end_of_disp1 01A4            __end_of_disp2 017E  
                ??_disp0 0076                  ??_disp1 0076                  ??_disp2 0074  
             __pbssBANK0 0020               __pmaintext 01CA                  ?_decena 0070  
             __pintentry 0004          __size_of_decena 0044                  _centena 01ED  
                __ptext1 0027                  __ptext2 0158                  __ptext3 01ED  
                __ptext4 017E                  __ptext5 01A4                  __ptext6 00A3  
                __ptext7 0114                  _display 00A3             __size_of_isr 007C  
                _valdisp 007A     end_of_initialization 0023                _PORTBbits 0006  
         __end_of_decena 0158      start_initialization 0011              __end_of_isr 00A3  
               ??_decena 0072              __pbssCOMMON 007A                ___latbits 0002  
          __pcstackBANK0 0000                 ?_centena 0070                 ?_display 0070  
         __size_of_disp0 0026           __size_of_disp1 0026           __size_of_disp2 0026  
      interrupt_function 0004         __size_of_centena 000A         __size_of_display 0071  
          __size_of_main 0023               _INTCONbits 000B                 intlevel1 0000  
             _OPTION_REG 0081  
